<?xml version="1.0" encoding="UTF-8"?>
<robot generator="Robot 6.0.1 (Python 3.11.0 on win32)" generated="20221125 18:24:46.706" rpa="false" schemaversion="3">
<suite id="s1" name="Testfile" source="C:\Users\onkar.sarje\OneDrive - Reliance Corporate IT Park Limited\Documents\GitHub\Demo1\tests\testfile.robot">
<test id="s1-t1" name="Should be able to open go up to payment page for recharge" line="15">
<kw name="Begin Web Test" library="common" type="SETUP">
<kw name="Open Browser" library="SeleniumLibrary">
<arg>https://www.jio.com/</arg>
<arg>gc</arg>
<doc>Opens a new browser instance to the optional ``url``.</doc>
<msg timestamp="20221125 18:24:46.995" level="INFO">Opening browser 'gc' to base url 'https://www.jio.com/'.</msg>
<status status="PASS" starttime="20221125 18:24:46.995" endtime="20221125 18:24:53.734"/>
</kw>
<kw name="Maximize Browser Window" library="SeleniumLibrary">
<doc>Maximizes current browser window.</doc>
<status status="PASS" starttime="20221125 18:24:53.734" endtime="20221125 18:24:53.856"/>
</kw>
<kw name="Sleep" library="BuiltIn">
<arg>2s</arg>
<doc>Pauses the test executed for the given time.</doc>
<msg timestamp="20221125 18:24:55.857" level="INFO">Slept 2 seconds</msg>
<status status="PASS" starttime="20221125 18:24:53.857" endtime="20221125 18:24:55.857"/>
</kw>
<status status="PASS" starttime="20221125 18:24:46.995" endtime="20221125 18:24:55.857"/>
</kw>
<kw name="Click Element" library="SeleniumLibrary">
<arg>xpath=//*[@id="firstlevel-nav"]/ul/li[1]</arg>
<doc>Click the element identified by ``locator``.</doc>
<msg timestamp="20221125 18:24:55.858" level="INFO">Clicking element 'xpath=//*[@id="firstlevel-nav"]/ul/li[1]'.</msg>
<status status="PASS" starttime="20221125 18:24:55.858" endtime="20221125 18:24:57.802"/>
</kw>
<kw name="Sleep" library="BuiltIn">
<arg>2s</arg>
<doc>Pauses the test executed for the given time.</doc>
<msg timestamp="20221125 18:24:59.803" level="INFO">Slept 2 seconds</msg>
<status status="PASS" starttime="20221125 18:24:57.803" endtime="20221125 18:24:59.803"/>
</kw>
<kw name="Scroll Element Into View" library="SeleniumLibrary">
<arg>xpath=/html/body/div[2]/section[2]/div/div/div/div[2]</arg>
<doc>Scrolls the element identified by ``locator`` into view.</doc>
<status status="PASS" starttime="20221125 18:24:59.803" endtime="20221125 18:25:00.095"/>
</kw>
<kw name="Sleep" library="BuiltIn">
<arg>2s</arg>
<doc>Pauses the test executed for the given time.</doc>
<msg timestamp="20221125 18:25:02.096" level="INFO">Slept 2 seconds</msg>
<status status="PASS" starttime="20221125 18:25:00.096" endtime="20221125 18:25:02.096"/>
</kw>
<kw name="Click Button" library="SeleniumLibrary">
<arg>id=quick-recharge</arg>
<doc>Clicks the button identified by ``locator``.</doc>
<msg timestamp="20221125 18:25:02.097" level="INFO">Clicking button 'id=quick-recharge'.</msg>
<status status="PASS" starttime="20221125 18:25:02.096" endtime="20221125 18:25:02.161"/>
</kw>
<kw name="Wait Until Element Contains" library="SeleniumLibrary">
<arg>xpath=/html/body/div[8]/div/div/div[1]/div[1]/div[2]/div</arg>
<arg>Quick Recharge</arg>
<doc>Waits until the element ``locator`` contains ``text``.</doc>
<status status="PASS" starttime="20221125 18:25:02.161" endtime="20221125 18:25:02.388"/>
</kw>
<kw name="Sleep" library="BuiltIn">
<arg>2s</arg>
<doc>Pauses the test executed for the given time.</doc>
<msg timestamp="20221125 18:25:04.389" level="INFO">Slept 2 seconds</msg>
<status status="PASS" starttime="20221125 18:25:02.388" endtime="20221125 18:25:04.389"/>
</kw>
<kw name="Click Element" library="SeleniumLibrary">
<arg>xpath=//*[@id="quick-recharge-user-number"]</arg>
<doc>Click the element identified by ``locator``.</doc>
<msg timestamp="20221125 18:25:04.391" level="INFO">Clicking element 'xpath=//*[@id="quick-recharge-user-number"]'.</msg>
<status status="PASS" starttime="20221125 18:25:04.390" endtime="20221125 18:25:04.451"/>
</kw>
<kw name="Sleep" library="BuiltIn">
<arg>2s</arg>
<doc>Pauses the test executed for the given time.</doc>
<msg timestamp="20221125 18:25:06.453" level="INFO">Slept 2 seconds</msg>
<status status="PASS" starttime="20221125 18:25:04.451" endtime="20221125 18:25:06.453"/>
</kw>
<kw name="Input Text" library="SeleniumLibrary">
<arg>//*[@id="quick-recharge-user-number"]</arg>
<arg>9137851212</arg>
<doc>Types the given ``text`` into the text field identified by ``locator``.</doc>
<msg timestamp="20221125 18:25:06.454" level="INFO">Typing text '9137851212' into text field '//*[@id="quick-recharge-user-number"]'.</msg>
<status status="PASS" starttime="20221125 18:25:06.453" endtime="20221125 18:25:06.511"/>
</kw>
<kw name="Sleep" library="BuiltIn">
<arg>2s</arg>
<doc>Pauses the test executed for the given time.</doc>
<msg timestamp="20221125 18:25:08.512" level="INFO">Slept 2 seconds</msg>
<status status="PASS" starttime="20221125 18:25:06.511" endtime="20221125 18:25:08.512"/>
</kw>
<kw name="Click Button" library="SeleniumLibrary">
<arg>Continue</arg>
<doc>Clicks the button identified by ``locator``.</doc>
<msg timestamp="20221125 18:25:08.513" level="INFO">Clicking button 'Continue'.</msg>
<status status="PASS" starttime="20221125 18:25:08.513" endtime="20221125 18:25:08.566"/>
</kw>
<kw name="Wait Until Element Contains" library="SeleniumLibrary">
<arg>xpath=/html/body/div[8]/div/div/div[2]/div[1]/div[2]/div/h5</arg>
<arg>Choose plan</arg>
<doc>Waits until the element ``locator`` contains ``text``.</doc>
<status status="PASS" starttime="20221125 18:25:08.567" endtime="20221125 18:25:09.219"/>
</kw>
<kw name="Sleep" library="BuiltIn">
<arg>2s</arg>
<doc>Pauses the test executed for the given time.</doc>
<msg timestamp="20221125 18:25:11.221" level="INFO">Slept 2 seconds</msg>
<status status="PASS" starttime="20221125 18:25:09.220" endtime="20221125 18:25:11.221"/>
</kw>
<kw name="Click Button" library="SeleniumLibrary">
<arg>View all plans</arg>
<doc>Clicks the button identified by ``locator``.</doc>
<msg timestamp="20221125 18:25:11.222" level="INFO">Clicking button 'View all plans'.</msg>
<status status="PASS" starttime="20221125 18:25:11.222" endtime="20221125 18:25:12.153"/>
</kw>
<kw name="Sleep" library="BuiltIn">
<arg>2s</arg>
<doc>Pauses the test executed for the given time.</doc>
<msg timestamp="20221125 18:25:14.154" level="INFO">Slept 2 seconds</msg>
<status status="PASS" starttime="20221125 18:25:12.153" endtime="20221125 18:25:14.154"/>
</kw>
<kw name="Scroll Element Into View" library="SeleniumLibrary">
<arg>xpath=//*[@id="__next"]/div/div[2]/div[1]/div[2]/div[1]/div/div[2]/button[8]</arg>
<doc>Scrolls the element identified by ``locator`` into view.</doc>
<status status="PASS" starttime="20221125 18:25:14.154" endtime="20221125 18:25:14.443"/>
</kw>
<kw name="Sleep" library="BuiltIn">
<arg>2s</arg>
<doc>Pauses the test executed for the given time.</doc>
<msg timestamp="20221125 18:25:16.444" level="INFO">Slept 2 seconds</msg>
<status status="PASS" starttime="20221125 18:25:14.444" endtime="20221125 18:25:16.444"/>
</kw>
<kw name="Click Button" library="SeleniumLibrary">
<arg>xpath=//*[@id="__next"]/div/div[2]/div[1]/div[2]/div[1]/div/div[2]/button[8]</arg>
<doc>Clicks the button identified by ``locator``.</doc>
<msg timestamp="20221125 18:25:16.445" level="INFO">Clicking button 'xpath=//*[@id="__next"]/div/div[2]/div[1]/div[2]/div[1]/div/div[2]/button[8]'.</msg>
<status status="PASS" starttime="20221125 18:25:16.445" endtime="20221125 18:25:16.533"/>
</kw>
<kw name="Sleep" library="BuiltIn">
<arg>2s</arg>
<doc>Pauses the test executed for the given time.</doc>
<msg timestamp="20221125 18:25:18.534" level="INFO">Slept 2 seconds</msg>
<status status="PASS" starttime="20221125 18:25:16.533" endtime="20221125 18:25:18.534"/>
</kw>
<kw name="Wait Until Element Contains" library="SeleniumLibrary">
<arg>xpath=//*[@id="0"]</arg>
<arg>Affordable Packs</arg>
<doc>Waits until the element ``locator`` contains ``text``.</doc>
<status status="PASS" starttime="20221125 18:25:18.534" endtime="20221125 18:25:18.552"/>
</kw>
<kw name="Click Button" library="SeleniumLibrary">
<arg>xpath=//*[@id="panel_0"]/div[1]/div[2]/div[2]/button[1]</arg>
<doc>Clicks the button identified by ``locator``.</doc>
<msg timestamp="20221125 18:25:18.552" level="INFO">Clicking button 'xpath=//*[@id="panel_0"]/div[1]/div[2]/div[2]/button[1]'.</msg>
<status status="PASS" starttime="20221125 18:25:18.552" endtime="20221125 18:25:18.610"/>
</kw>
<kw name="Sleep" library="BuiltIn">
<arg>2s</arg>
<doc>Pauses the test executed for the given time.</doc>
<msg timestamp="20221125 18:25:20.611" level="INFO">Slept 2 seconds</msg>
<status status="PASS" starttime="20221125 18:25:18.610" endtime="20221125 18:25:20.611"/>
</kw>
<kw name="Wait Until Element Is Visible" library="SeleniumLibrary">
<arg>xpath=//*[@id="popup_overlay"]/div/div/div/div/div[1]/div/div[2]</arg>
<doc>Waits until the element ``locator`` is visible.</doc>
<status status="PASS" starttime="20221125 18:25:20.611" endtime="20221125 18:25:20.635"/>
</kw>
<kw name="Sleep" library="BuiltIn">
<arg>2s</arg>
<doc>Pauses the test executed for the given time.</doc>
<msg timestamp="20221125 18:25:22.636" level="INFO">Slept 2 seconds</msg>
<status status="PASS" starttime="20221125 18:25:20.635" endtime="20221125 18:25:22.636"/>
</kw>
<kw name="Click Button" library="SeleniumLibrary">
<arg>xpath=//*[@id="popup_overlay"]/div/button</arg>
<doc>Clicks the button identified by ``locator``.</doc>
<msg timestamp="20221125 18:25:22.637" level="INFO">Clicking button 'xpath=//*[@id="popup_overlay"]/div/button'.</msg>
<status status="PASS" starttime="20221125 18:25:22.636" endtime="20221125 18:25:22.687"/>
</kw>
<kw name="Sleep" library="BuiltIn">
<arg>2s</arg>
<doc>Pauses the test executed for the given time.</doc>
<msg timestamp="20221125 18:25:24.687" level="INFO">Slept 2 seconds</msg>
<status status="PASS" starttime="20221125 18:25:22.687" endtime="20221125 18:25:24.687"/>
</kw>
<kw name="Click Button" library="SeleniumLibrary">
<arg>xpath=//*[@id="panel_0"]/div[1]/div[2]/div[2]/button[2]</arg>
<doc>Clicks the button identified by ``locator``.</doc>
<msg timestamp="20221125 18:25:24.688" level="INFO">Clicking button 'xpath=//*[@id="panel_0"]/div[1]/div[2]/div[2]/button[2]'.</msg>
<msg timestamp="20221125 18:25:25.830" level="INFO" html="true">&lt;/td&gt;&lt;/tr&gt;&lt;tr&gt;&lt;td colspan="3"&gt;&lt;a href="selenium-screenshot-12.png"&gt;&lt;img src="selenium-screenshot-12.png" width="800px"&gt;&lt;/a&gt;</msg>
<msg timestamp="20221125 18:25:25.831" level="FAIL">ElementClickInterceptedException: Message: element click intercepted: Element &lt;button type="button" class="css-r5gb33"&gt;...&lt;/button&gt; is not clickable at point (1150, 268). Other element would receive the click: &lt;div role="button" id="popup_overlay" tabindex="-1" class="css-179dgls"&gt;...&lt;/div&gt;
  (Session info: chrome=92.0.4515.131)
Stacktrace:
Backtrace:
	Ordinal0 [0x01112A33+2501171]
	Ordinal0 [0x010AD1C1+2085313]
	Ordinal0 [0x00FB1FA8+1056680]
	Ordinal0 [0x00FE276B+1255275]
	Ordinal0 [0x00FE0A6F+1247855]
	Ordinal0 [0x00FDE83D+1239101]
	Ordinal0 [0x00FDD6DD+1234653]
	Ordinal0 [0x00FD31B7+1192375]
	Ordinal0 [0x00FF5653+1332819]
	Ordinal0 [0x00FD2FD6+1191894]
	Ordinal0 [0x00FF573A+1333050]
	Ordinal0 [0x010048BC+1394876]
	Ordinal0 [0x00FF551B+1332507]
	Ordinal0 [0x00FD1D74+1187188]
	Ordinal0 [0x00FD2BD9+1190873]
	GetHandleVerifier [0x0128EFE6+1504438]
	GetHandleVerifier [0x0133DDA5+2220661]
	GetHandleVerifier [0x01195589+481881]
	GetHandleVerifier [0x01194639+477961]
	Ordinal0 [0x010B28BD+2107581]
	Ordinal0 [0x010B6728+2123560]
	Ordinal0 [0x010B6862+2123874]
	Ordinal0 [0x010BFA81+2161281]
	BaseThreadInitThunk [0x77A0FA29+25]
	RtlGetAppContainerNamedObjectPath [0x77DA7B5E+286]
	RtlGetAppContainerNamedObjectPath [0x77DA7B2E+238]
</msg>
<status status="FAIL" starttime="20221125 18:25:24.688" endtime="20221125 18:25:25.837"/>
</kw>
<kw name="Sleep" library="BuiltIn">
<arg>2s</arg>
<doc>Pauses the test executed for the given time.</doc>
<status status="NOT RUN" starttime="20221125 18:25:25.838" endtime="20221125 18:25:25.838"/>
</kw>
<kw name="Wait Until Element Is Visible" library="SeleniumLibrary">
<arg>xpath=//*[@id="__next"]/div[1]/p</arg>
<doc>Waits until the element ``locator`` is visible.</doc>
<status status="NOT RUN" starttime="20221125 18:25:25.838" endtime="20221125 18:25:25.838"/>
</kw>
<kw name="Sleep" library="BuiltIn">
<arg>2s</arg>
<doc>Pauses the test executed for the given time.</doc>
<status status="NOT RUN" starttime="20221125 18:25:25.838" endtime="20221125 18:25:25.838"/>
</kw>
<kw name="Click Element" library="SeleniumLibrary">
<arg>xpath=//*[@id="__next"]/div[2]/div/div/div[2]/div[1]/div/p</arg>
<doc>Click the element identified by ``locator``.</doc>
<status status="NOT RUN" starttime="20221125 18:25:25.838" endtime="20221125 18:25:25.838"/>
</kw>
<kw name="Sleep" library="BuiltIn">
<arg>3s</arg>
<doc>Pauses the test executed for the given time.</doc>
<status status="NOT RUN" starttime="20221125 18:25:25.839" endtime="20221125 18:25:25.839"/>
</kw>
<kw name="End Web Test" library="common" type="TEARDOWN">
<kw name="Close All Browsers" library="SeleniumLibrary">
<doc>Closes all open browsers and resets the browser cache.</doc>
<status status="PASS" starttime="20221125 18:25:25.839" endtime="20221125 18:25:28.568"/>
</kw>
<status status="PASS" starttime="20221125 18:25:25.839" endtime="20221125 18:25:28.568"/>
</kw>
<tag>Test 1</tag>
<status status="FAIL" starttime="20221125 18:24:46.994" endtime="20221125 18:25:28.568">ElementClickInterceptedException: Message: element click intercepted: Element &lt;button type="button" class="css-r5gb33"&gt;...&lt;/button&gt; is not clickable at point (1150, 268). Other element would receive the click: &lt;div role="button" id="popup_overlay" tabindex="-1" class="css-179dgls"&gt;...&lt;/div&gt;
  (Session info: chrome=92.0.4515.131)
Stacktrace:
Backtrace:
	Ordinal0 [0x01112A33+2501171]
	Ordinal0 [0x010AD1C1+2085313]
	Ordinal0 [0x00FB1FA8+1056680]
	Ordinal0 [0x00FE276B+1255275]
	Ordinal0 [0x00FE0A6F+1247855]
	Ordinal0 [0x00FDE83D+1239101]
	Ordinal0 [0x00FDD6DD+1234653]
	Ordinal0 [0x00FD31B7+1192375]
	Ordinal0 [0x00FF5653+1332819]
	Ordinal0 [0x00FD2FD6+1191894]
	Ordinal0 [0x00FF573A+1333050]
	Ordinal0 [0x010048BC+1394876]
	Ordinal0 [0x00FF551B+1332507]
	Ordinal0 [0x00FD1D74+1187188]
	Ordinal0 [0x00FD2BD9+1190873]
	GetHandleVerifier [0x0128EFE6+1504438]
	GetHandleVerifier [0x0133DDA5+2220661]
	GetHandleVerifier [0x01195589+481881]
	GetHandleVerifier [0x01194639+477961]
	Ordinal0 [0x010B28BD+2107581]
	Ordinal0 [0x010B6728+2123560]
	Ordinal0 [0x010B6862+2123874]
	Ordinal0 [0x010BFA81+2161281]
	BaseThreadInitThunk [0x77A0FA29+25]
	RtlGetAppContainerNamedObjectPath [0x77DA7B5E+286]
	RtlGetAppContainerNamedObjectPath [0x77DA7B2E+238]
</status>
</test>
<test id="s1-t2" name="Should be able to go up to payments page of" line="53">
<status status="FAIL" starttime="20221125 18:25:28.571" endtime="20221125 18:25:28.572">Test contains no keywords.</status>
</test>
<status status="FAIL" starttime="20221125 18:24:46.712" endtime="20221125 18:25:28.573"/>
</suite>
<statistics>
<total>
<stat pass="0" fail="2" skip="0">All Tests</stat>
</total>
<tag>
<stat pass="0" fail="1" skip="0">Test 1</stat>
</tag>
<suite>
<stat pass="0" fail="2" skip="0" id="s1" name="Testfile">Testfile</stat>
</suite>
</statistics>
<errors>
</errors>
</robot>
